Determining if the pthread_create exist failed with the following output:
Change Dir: /home/insane/Desktop/project/DIT168Grp12/build/CMakeFiles/CMakeTmp

Run Build Command:"/usr/bin/make" "cmTC_1e04e/fast"
/usr/bin/make -f CMakeFiles/cmTC_1e04e.dir/build.make CMakeFiles/cmTC_1e04e.dir/build
make[1]: Entering directory '/home/insane/Desktop/project/DIT168Grp12/build/CMakeFiles/CMakeTmp'
Building C object CMakeFiles/cmTC_1e04e.dir/CheckSymbolExists.c.o
/usr/bin/cc     -o CMakeFiles/cmTC_1e04e.dir/CheckSymbolExists.c.o   -c /home/insane/Desktop/project/DIT168Grp12/build/CMakeFiles/CMakeTmp/CheckSymbolExists.c
Linking C executable cmTC_1e04e
/usr/bin/cmake -E cmake_link_script CMakeFiles/cmTC_1e04e.dir/link.txt --verbose=1
/usr/bin/cc       CMakeFiles/cmTC_1e04e.dir/CheckSymbolExists.c.o  -o cmTC_1e04e -rdynamic 
CMakeFiles/cmTC_1e04e.dir/CheckSymbolExists.c.o: In function `main':
CheckSymbolExists.c:(.text+0x16): undefined reference to `pthread_create'
collect2: error: ld returned 1 exit status
CMakeFiles/cmTC_1e04e.dir/build.make:97: recipe for target 'cmTC_1e04e' failed
make[1]: *** [cmTC_1e04e] Error 1
make[1]: Leaving directory '/home/insane/Desktop/project/DIT168Grp12/build/CMakeFiles/CMakeTmp'
Makefile:126: recipe for target 'cmTC_1e04e/fast' failed
make: *** [cmTC_1e04e/fast] Error 2

File /home/insane/Desktop/project/DIT168Grp12/build/CMakeFiles/CMakeTmp/CheckSymbolExists.c:
/* */
#include <pthread.h>

int main(int argc, char** argv)
{
  (void)argv;
#ifndef pthread_create
  return ((int*)(&pthread_create))[argc];
#else
  (void)argc;
  return 0;
#endif
}

Determining if the function pthread_create exists in the pthreads failed with the following output:
Change Dir: /home/insane/Desktop/project/DIT168Grp12/build/CMakeFiles/CMakeTmp

Run Build Command:"/usr/bin/make" "cmTC_449ce/fast"
/usr/bin/make -f CMakeFiles/cmTC_449ce.dir/build.make CMakeFiles/cmTC_449ce.dir/build
make[1]: Entering directory '/home/insane/Desktop/project/DIT168Grp12/build/CMakeFiles/CMakeTmp'
Building C object CMakeFiles/cmTC_449ce.dir/CheckFunctionExists.c.o
/usr/bin/cc    -DCHECK_FUNCTION_EXISTS=pthread_create   -o CMakeFiles/cmTC_449ce.dir/CheckFunctionExists.c.o   -c /usr/share/cmake-3.5/Modules/CheckFunctionExists.c
Linking C executable cmTC_449ce
/usr/bin/cmake -E cmake_link_script CMakeFiles/cmTC_449ce.dir/link.txt --verbose=1
/usr/bin/cc   -DCHECK_FUNCTION_EXISTS=pthread_create    CMakeFiles/cmTC_449ce.dir/CheckFunctionExists.c.o  -o cmTC_449ce -rdynamic -lpthreads 
/usr/bin/ld: cannot find -lpthreads
collect2: error: ld returned 1 exit status
CMakeFiles/cmTC_449ce.dir/build.make:97: recipe for target 'cmTC_449ce' failed
make[1]: *** [cmTC_449ce] Error 1
make[1]: Leaving directory '/home/insane/Desktop/project/DIT168Grp12/build/CMakeFiles/CMakeTmp'
Makefile:126: recipe for target 'cmTC_449ce/fast' failed
make: *** [cmTC_449ce/fast] Error 2


Determining if the pthread_create exist failed with the following output:
Change Dir: /home/insane/Desktop/project/DIT168Grp12/build/CMakeFiles/CMakeTmp

Run Build Command:"/usr/bin/make" "cmTC_ab555/fast"
/usr/bin/make -f CMakeFiles/cmTC_ab555.dir/build.make CMakeFiles/cmTC_ab555.dir/build
make[1]: Entering directory '/home/insane/Desktop/project/DIT168Grp12/build/CMakeFiles/CMakeTmp'
Building C object CMakeFiles/cmTC_ab555.dir/CheckSymbolExists.c.o
/usr/bin/cc     -o CMakeFiles/cmTC_ab555.dir/CheckSymbolExists.c.o   -c /home/insane/Desktop/project/DIT168Grp12/build/CMakeFiles/CMakeTmp/CheckSymbolExists.c
Linking C executable cmTC_ab555
/usr/bin/cmake -E cmake_link_script CMakeFiles/cmTC_ab555.dir/link.txt --verbose=1
/usr/bin/cc       CMakeFiles/cmTC_ab555.dir/CheckSymbolExists.c.o  -o cmTC_ab555 -rdynamic 
CMakeFiles/cmTC_ab555.dir/CheckSymbolExists.c.o: In function `main':
CheckSymbolExists.c:(.text+0x16): undefined reference to `pthread_create'
collect2: error: ld returned 1 exit status
CMakeFiles/cmTC_ab555.dir/build.make:97: recipe for target 'cmTC_ab555' failed
make[1]: *** [cmTC_ab555] Error 1
make[1]: Leaving directory '/home/insane/Desktop/project/DIT168Grp12/build/CMakeFiles/CMakeTmp'
Makefile:126: recipe for target 'cmTC_ab555/fast' failed
make: *** [cmTC_ab555/fast] Error 2

File /home/insane/Desktop/project/DIT168Grp12/build/CMakeFiles/CMakeTmp/CheckSymbolExists.c:
/* */
#include <pthread.h>

int main(int argc, char** argv)
{
  (void)argv;
#ifndef pthread_create
  return ((int*)(&pthread_create))[argc];
#else
  (void)argc;
  return 0;
#endif
}

Determining if the function pthread_create exists in the pthreads failed with the following output:
Change Dir: /home/insane/Desktop/project/DIT168Grp12/build/CMakeFiles/CMakeTmp

Run Build Command:"/usr/bin/make" "cmTC_2508b/fast"
/usr/bin/make -f CMakeFiles/cmTC_2508b.dir/build.make CMakeFiles/cmTC_2508b.dir/build
make[1]: Entering directory '/home/insane/Desktop/project/DIT168Grp12/build/CMakeFiles/CMakeTmp'
Building C object CMakeFiles/cmTC_2508b.dir/CheckFunctionExists.c.o
/usr/bin/cc    -DCHECK_FUNCTION_EXISTS=pthread_create   -o CMakeFiles/cmTC_2508b.dir/CheckFunctionExists.c.o   -c /usr/share/cmake-3.5/Modules/CheckFunctionExists.c
Linking C executable cmTC_2508b
/usr/bin/cmake -E cmake_link_script CMakeFiles/cmTC_2508b.dir/link.txt --verbose=1
/usr/bin/cc   -DCHECK_FUNCTION_EXISTS=pthread_create    CMakeFiles/cmTC_2508b.dir/CheckFunctionExists.c.o  -o cmTC_2508b -rdynamic -lpthreads 
/usr/bin/ld: cannot find -lpthreads
collect2: error: ld returned 1 exit status
CMakeFiles/cmTC_2508b.dir/build.make:97: recipe for target 'cmTC_2508b' failed
make[1]: *** [cmTC_2508b] Error 1
make[1]: Leaving directory '/home/insane/Desktop/project/DIT168Grp12/build/CMakeFiles/CMakeTmp'
Makefile:126: recipe for target 'cmTC_2508b/fast' failed
make: *** [cmTC_2508b/fast] Error 2


